2017-10-16 19:44:30 - PHP Warning:  unlink(/var/www/html/gsmcomponentes/system/storage/modification/system/library/template/twig.php): Permission denied in /var/www/html/gsmcomponentes/admin/controller/marketplace/modification.php on line 101
2017-10-16 19:44:30 - PHP Warning:  unlink(/var/www/html/gsmcomponentes/system/storage/modification/system/library/template/template.php): Permission denied in /var/www/html/gsmcomponentes/admin/controller/marketplace/modification.php on line 101
2017-10-16 19:44:30 - PHP Warning:  rmdir(/var/www/html/gsmcomponentes/system/storage/modification/system/library/template): Permission denied in /var/www/html/gsmcomponentes/admin/controller/marketplace/modification.php on line 105
2017-10-16 19:44:30 - PHP Warning:  unlink(/var/www/html/gsmcomponentes/system/storage/modification/system/library/language.php): Permission denied in /var/www/html/gsmcomponentes/admin/controller/marketplace/modification.php on line 101
2017-10-16 19:44:30 - PHP Warning:  unlink(/var/www/html/gsmcomponentes/system/storage/modification/system/library/config.php): Permission denied in /var/www/html/gsmcomponentes/admin/controller/marketplace/modification.php on line 101
2017-10-16 19:44:30 - PHP Warning:  rmdir(/var/www/html/gsmcomponentes/system/storage/modification/system/library): Permission denied in /var/www/html/gsmcomponentes/admin/controller/marketplace/modification.php on line 105
2017-10-16 19:44:30 - PHP Warning:  unlink(/var/www/html/gsmcomponentes/system/storage/modification/system/engine/loader.php): Permission denied in /var/www/html/gsmcomponentes/admin/controller/marketplace/modification.php on line 101
2017-10-16 19:44:30 - PHP Warning:  unlink(/var/www/html/gsmcomponentes/system/storage/modification/system/engine/action.php): Permission denied in /var/www/html/gsmcomponentes/admin/controller/marketplace/modification.php on line 101
2017-10-16 19:44:30 - PHP Warning:  rmdir(/var/www/html/gsmcomponentes/system/storage/modification/system/engine): Permission denied in /var/www/html/gsmcomponentes/admin/controller/marketplace/modification.php on line 105
2017-10-16 19:44:30 - PHP Warning:  rmdir(/var/www/html/gsmcomponentes/system/storage/modification/system): Directory not empty in /var/www/html/gsmcomponentes/admin/controller/marketplace/modification.php on line 105
2017-10-16 19:44:30 - PHP Warning:  fopen(/var/www/html/gsmcomponentes/system/storage/logs/ocmod.log): failed to open stream: Permission denied in /var/www/html/gsmcomponentes/system/library/log.php on line 22
2017-10-16 19:44:30 - PHP Warning:  fwrite() expects parameter 1 to be resource, boolean given in /var/www/html/gsmcomponentes/system/library/log.php on line 31
2017-10-16 19:44:30 - PHP Warning:  fopen(/var/www/html/gsmcomponentes/system/storage/modification/system/engine/action.php): failed to open stream: Permission denied in /var/www/html/gsmcomponentes/admin/controller/marketplace/modification.php on line 413
2017-10-16 19:44:30 - PHP Warning:  fwrite() expects parameter 1 to be resource, boolean given in /var/www/html/gsmcomponentes/admin/controller/marketplace/modification.php on line 415
2017-10-16 19:44:30 - PHP Warning:  fclose() expects parameter 1 to be resource, boolean given in /var/www/html/gsmcomponentes/admin/controller/marketplace/modification.php on line 417
2017-10-16 19:44:30 - PHP Warning:  fopen(/var/www/html/gsmcomponentes/system/storage/modification/system/engine/loader.php): failed to open stream: Permission denied in /var/www/html/gsmcomponentes/admin/controller/marketplace/modification.php on line 413
2017-10-16 19:44:30 - PHP Warning:  fwrite() expects parameter 1 to be resource, boolean given in /var/www/html/gsmcomponentes/admin/controller/marketplace/modification.php on line 415
2017-10-16 19:44:30 - PHP Warning:  fclose() expects parameter 1 to be resource, boolean given in /var/www/html/gsmcomponentes/admin/controller/marketplace/modification.php on line 417
2017-10-16 19:44:30 - PHP Warning:  fopen(/var/www/html/gsmcomponentes/system/storage/modification/system/library/config.php): failed to open stream: Permission denied in /var/www/html/gsmcomponentes/admin/controller/marketplace/modification.php on line 413
2017-10-16 19:44:30 - PHP Warning:  fwrite() expects parameter 1 to be resource, boolean given in /var/www/html/gsmcomponentes/admin/controller/marketplace/modification.php on line 415
2017-10-16 19:44:30 - PHP Warning:  fclose() expects parameter 1 to be resource, boolean given in /var/www/html/gsmcomponentes/admin/controller/marketplace/modification.php on line 417
2017-10-16 19:44:30 - PHP Warning:  fopen(/var/www/html/gsmcomponentes/system/storage/modification/system/library/language.php): failed to open stream: Permission denied in /var/www/html/gsmcomponentes/admin/controller/marketplace/modification.php on line 413
2017-10-16 19:44:30 - PHP Warning:  fwrite() expects parameter 1 to be resource, boolean given in /var/www/html/gsmcomponentes/admin/controller/marketplace/modification.php on line 415
2017-10-16 19:44:30 - PHP Warning:  fclose() expects parameter 1 to be resource, boolean given in /var/www/html/gsmcomponentes/admin/controller/marketplace/modification.php on line 417
2017-10-16 19:44:30 - PHP Warning:  fopen(/var/www/html/gsmcomponentes/system/storage/modification/system/library/template/template.php): failed to open stream: Permission denied in /var/www/html/gsmcomponentes/admin/controller/marketplace/modification.php on line 413
2017-10-16 19:44:30 - PHP Warning:  fwrite() expects parameter 1 to be resource, boolean given in /var/www/html/gsmcomponentes/admin/controller/marketplace/modification.php on line 415
2017-10-16 19:44:30 - PHP Warning:  fclose() expects parameter 1 to be resource, boolean given in /var/www/html/gsmcomponentes/admin/controller/marketplace/modification.php on line 417
2017-10-16 19:44:30 - PHP Warning:  fopen(/var/www/html/gsmcomponentes/system/storage/modification/system/library/template/twig.php): failed to open stream: Permission denied in /var/www/html/gsmcomponentes/admin/controller/marketplace/modification.php on line 413
2017-10-16 19:44:30 - PHP Warning:  fwrite() expects parameter 1 to be resource, boolean given in /var/www/html/gsmcomponentes/admin/controller/marketplace/modification.php on line 415
2017-10-16 19:44:30 - PHP Warning:  fclose() expects parameter 1 to be resource, boolean given in /var/www/html/gsmcomponentes/admin/controller/marketplace/modification.php on line 417
2017-10-16 19:44:30 - PHP Warning:  Cannot modify header information - headers already sent by (output started at /var/www/html/gsmcomponentes/admin/controller/startup/error.php:34) in /var/www/html/gsmcomponentes/system/library/response.php on line 36
2017-10-16 19:45:03 - PHP Warning:  unlink(/var/www/html/gsmcomponentes/system/storage/modification/system/library/template/twig.php): Permission denied in /var/www/html/gsmcomponentes/admin/controller/marketplace/modification.php on line 101
2017-10-16 19:45:03 - PHP Warning:  unlink(/var/www/html/gsmcomponentes/system/storage/modification/system/library/template/template.php): Permission denied in /var/www/html/gsmcomponentes/admin/controller/marketplace/modification.php on line 101
2017-10-16 19:45:03 - PHP Warning:  rmdir(/var/www/html/gsmcomponentes/system/storage/modification/system/library/template): Permission denied in /var/www/html/gsmcomponentes/admin/controller/marketplace/modification.php on line 105
2017-10-16 19:45:03 - PHP Warning:  unlink(/var/www/html/gsmcomponentes/system/storage/modification/system/library/language.php): Permission denied in /var/www/html/gsmcomponentes/admin/controller/marketplace/modification.php on line 101
2017-10-16 19:45:03 - PHP Warning:  unlink(/var/www/html/gsmcomponentes/system/storage/modification/system/library/config.php): Permission denied in /var/www/html/gsmcomponentes/admin/controller/marketplace/modification.php on line 101
2017-10-16 19:45:03 - PHP Warning:  rmdir(/var/www/html/gsmcomponentes/system/storage/modification/system/library): Permission denied in /var/www/html/gsmcomponentes/admin/controller/marketplace/modification.php on line 105
2017-10-16 19:45:03 - PHP Warning:  unlink(/var/www/html/gsmcomponentes/system/storage/modification/system/engine/loader.php): Permission denied in /var/www/html/gsmcomponentes/admin/controller/marketplace/modification.php on line 101
2017-10-16 19:45:03 - PHP Warning:  unlink(/var/www/html/gsmcomponentes/system/storage/modification/system/engine/action.php): Permission denied in /var/www/html/gsmcomponentes/admin/controller/marketplace/modification.php on line 101
2017-10-16 19:45:03 - PHP Warning:  rmdir(/var/www/html/gsmcomponentes/system/storage/modification/system/engine): Permission denied in /var/www/html/gsmcomponentes/admin/controller/marketplace/modification.php on line 105
2017-10-16 19:45:03 - PHP Warning:  rmdir(/var/www/html/gsmcomponentes/system/storage/modification/system): Directory not empty in /var/www/html/gsmcomponentes/admin/controller/marketplace/modification.php on line 105
2017-10-16 19:45:03 - PHP Warning:  fopen(/var/www/html/gsmcomponentes/system/storage/logs/ocmod.log): failed to open stream: Permission denied in /var/www/html/gsmcomponentes/system/library/log.php on line 22
2017-10-16 19:45:03 - PHP Warning:  fwrite() expects parameter 1 to be resource, boolean given in /var/www/html/gsmcomponentes/system/library/log.php on line 31
2017-10-16 19:45:03 - PHP Warning:  fopen(/var/www/html/gsmcomponentes/system/storage/modification/system/engine/action.php): failed to open stream: Permission denied in /var/www/html/gsmcomponentes/admin/controller/marketplace/modification.php on line 413
2017-10-16 19:45:03 - PHP Warning:  fwrite() expects parameter 1 to be resource, boolean given in /var/www/html/gsmcomponentes/admin/controller/marketplace/modification.php on line 415
2017-10-16 19:45:03 - PHP Warning:  fclose() expects parameter 1 to be resource, boolean given in /var/www/html/gsmcomponentes/admin/controller/marketplace/modification.php on line 417
2017-10-16 19:45:03 - PHP Warning:  fopen(/var/www/html/gsmcomponentes/system/storage/modification/system/engine/loader.php): failed to open stream: Permission denied in /var/www/html/gsmcomponentes/admin/controller/marketplace/modification.php on line 413
2017-10-16 19:45:03 - PHP Warning:  fwrite() expects parameter 1 to be resource, boolean given in /var/www/html/gsmcomponentes/admin/controller/marketplace/modification.php on line 415
2017-10-16 19:45:03 - PHP Warning:  fclose() expects parameter 1 to be resource, boolean given in /var/www/html/gsmcomponentes/admin/controller/marketplace/modification.php on line 417
2017-10-16 19:45:03 - PHP Warning:  fopen(/var/www/html/gsmcomponentes/system/storage/modification/system/library/config.php): failed to open stream: Permission denied in /var/www/html/gsmcomponentes/admin/controller/marketplace/modification.php on line 413
2017-10-16 19:45:03 - PHP Warning:  fwrite() expects parameter 1 to be resource, boolean given in /var/www/html/gsmcomponentes/admin/controller/marketplace/modification.php on line 415
2017-10-16 19:45:03 - PHP Warning:  fclose() expects parameter 1 to be resource, boolean given in /var/www/html/gsmcomponentes/admin/controller/marketplace/modification.php on line 417
2017-10-16 19:45:03 - PHP Warning:  fopen(/var/www/html/gsmcomponentes/system/storage/modification/system/library/language.php): failed to open stream: Permission denied in /var/www/html/gsmcomponentes/admin/controller/marketplace/modification.php on line 413
2017-10-16 19:45:03 - PHP Warning:  fwrite() expects parameter 1 to be resource, boolean given in /var/www/html/gsmcomponentes/admin/controller/marketplace/modification.php on line 415
2017-10-16 19:45:03 - PHP Warning:  fclose() expects parameter 1 to be resource, boolean given in /var/www/html/gsmcomponentes/admin/controller/marketplace/modification.php on line 417
2017-10-16 19:45:03 - PHP Warning:  fopen(/var/www/html/gsmcomponentes/system/storage/modification/system/library/template/template.php): failed to open stream: Permission denied in /var/www/html/gsmcomponentes/admin/controller/marketplace/modification.php on line 413
2017-10-16 19:45:03 - PHP Warning:  fwrite() expects parameter 1 to be resource, boolean given in /var/www/html/gsmcomponentes/admin/controller/marketplace/modification.php on line 415
2017-10-16 19:45:03 - PHP Warning:  fclose() expects parameter 1 to be resource, boolean given in /var/www/html/gsmcomponentes/admin/controller/marketplace/modification.php on line 417
2017-10-16 19:45:03 - PHP Warning:  fopen(/var/www/html/gsmcomponentes/system/storage/modification/system/library/template/twig.php): failed to open stream: Permission denied in /var/www/html/gsmcomponentes/admin/controller/marketplace/modification.php on line 413
2017-10-16 19:45:03 - PHP Warning:  fwrite() expects parameter 1 to be resource, boolean given in /var/www/html/gsmcomponentes/admin/controller/marketplace/modification.php on line 415
2017-10-16 19:45:03 - PHP Warning:  fclose() expects parameter 1 to be resource, boolean given in /var/www/html/gsmcomponentes/admin/controller/marketplace/modification.php on line 417
2017-10-16 19:45:03 - PHP Warning:  Cannot modify header information - headers already sent by (output started at /var/www/html/gsmcomponentes/admin/controller/startup/error.php:34) in /var/www/html/gsmcomponentes/system/library/response.php on line 36
2017-10-16 19:45:47 - PHP Warning:  unlink(/var/www/html/gsmcomponentes/system/storage/modification/system/library/template/twig.php): Permission denied in /var/www/html/gsmcomponentes/admin/controller/marketplace/modification.php on line 483
2017-10-16 19:45:47 - PHP Warning:  unlink(/var/www/html/gsmcomponentes/system/storage/modification/system/library/template/template.php): Permission denied in /var/www/html/gsmcomponentes/admin/controller/marketplace/modification.php on line 483
2017-10-16 19:45:47 - PHP Warning:  rmdir(/var/www/html/gsmcomponentes/system/storage/modification/system/library/template): Permission denied in /var/www/html/gsmcomponentes/admin/controller/marketplace/modification.php on line 487
2017-10-16 19:45:47 - PHP Warning:  unlink(/var/www/html/gsmcomponentes/system/storage/modification/system/library/language.php): Permission denied in /var/www/html/gsmcomponentes/admin/controller/marketplace/modification.php on line 483
2017-10-16 19:45:47 - PHP Warning:  unlink(/var/www/html/gsmcomponentes/system/storage/modification/system/library/config.php): Permission denied in /var/www/html/gsmcomponentes/admin/controller/marketplace/modification.php on line 483
2017-10-16 19:45:47 - PHP Warning:  rmdir(/var/www/html/gsmcomponentes/system/storage/modification/system/library): Permission denied in /var/www/html/gsmcomponentes/admin/controller/marketplace/modification.php on line 487
2017-10-16 19:45:47 - PHP Warning:  unlink(/var/www/html/gsmcomponentes/system/storage/modification/system/engine/loader.php): Permission denied in /var/www/html/gsmcomponentes/admin/controller/marketplace/modification.php on line 483
2017-10-16 19:45:47 - PHP Warning:  unlink(/var/www/html/gsmcomponentes/system/storage/modification/system/engine/action.php): Permission denied in /var/www/html/gsmcomponentes/admin/controller/marketplace/modification.php on line 483
2017-10-16 19:45:47 - PHP Warning:  rmdir(/var/www/html/gsmcomponentes/system/storage/modification/system/engine): Permission denied in /var/www/html/gsmcomponentes/admin/controller/marketplace/modification.php on line 487
2017-10-16 19:45:47 - PHP Warning:  rmdir(/var/www/html/gsmcomponentes/system/storage/modification/system): Directory not empty in /var/www/html/gsmcomponentes/admin/controller/marketplace/modification.php on line 487
2017-10-16 19:45:50 - PHP Warning:  unlink(/var/www/html/gsmcomponentes/system/storage/modification/system/library/template/twig.php): Permission denied in /var/www/html/gsmcomponentes/admin/controller/marketplace/modification.php on line 483
2017-10-16 19:45:50 - PHP Warning:  unlink(/var/www/html/gsmcomponentes/system/storage/modification/system/library/template/template.php): Permission denied in /var/www/html/gsmcomponentes/admin/controller/marketplace/modification.php on line 483
2017-10-16 19:45:50 - PHP Warning:  rmdir(/var/www/html/gsmcomponentes/system/storage/modification/system/library/template): Permission denied in /var/www/html/gsmcomponentes/admin/controller/marketplace/modification.php on line 487
2017-10-16 19:45:50 - PHP Warning:  unlink(/var/www/html/gsmcomponentes/system/storage/modification/system/library/language.php): Permission denied in /var/www/html/gsmcomponentes/admin/controller/marketplace/modification.php on line 483
2017-10-16 19:45:50 - PHP Warning:  unlink(/var/www/html/gsmcomponentes/system/storage/modification/system/library/config.php): Permission denied in /var/www/html/gsmcomponentes/admin/controller/marketplace/modification.php on line 483
2017-10-16 19:45:50 - PHP Warning:  rmdir(/var/www/html/gsmcomponentes/system/storage/modification/system/library): Permission denied in /var/www/html/gsmcomponentes/admin/controller/marketplace/modification.php on line 487
2017-10-16 19:45:50 - PHP Warning:  unlink(/var/www/html/gsmcomponentes/system/storage/modification/system/engine/loader.php): Permission denied in /var/www/html/gsmcomponentes/admin/controller/marketplace/modification.php on line 483
2017-10-16 19:45:50 - PHP Warning:  unlink(/var/www/html/gsmcomponentes/system/storage/modification/system/engine/action.php): Permission denied in /var/www/html/gsmcomponentes/admin/controller/marketplace/modification.php on line 483
2017-10-16 19:45:50 - PHP Warning:  rmdir(/var/www/html/gsmcomponentes/system/storage/modification/system/engine): Permission denied in /var/www/html/gsmcomponentes/admin/controller/marketplace/modification.php on line 487
2017-10-16 19:45:50 - PHP Warning:  rmdir(/var/www/html/gsmcomponentes/system/storage/modification/system): Directory not empty in /var/www/html/gsmcomponentes/admin/controller/marketplace/modification.php on line 487
2017-10-16 19:45:53 - PHP Warning:  unlink(/var/www/html/gsmcomponentes/system/storage/modification/system/library/template/twig.php): Permission denied in /var/www/html/gsmcomponentes/admin/controller/marketplace/modification.php on line 483
2017-10-16 19:45:53 - PHP Warning:  unlink(/var/www/html/gsmcomponentes/system/storage/modification/system/library/template/template.php): Permission denied in /var/www/html/gsmcomponentes/admin/controller/marketplace/modification.php on line 483
2017-10-16 19:45:53 - PHP Warning:  rmdir(/var/www/html/gsmcomponentes/system/storage/modification/system/library/template): Permission denied in /var/www/html/gsmcomponentes/admin/controller/marketplace/modification.php on line 487
2017-10-16 19:45:53 - PHP Warning:  unlink(/var/www/html/gsmcomponentes/system/storage/modification/system/library/language.php): Permission denied in /var/www/html/gsmcomponentes/admin/controller/marketplace/modification.php on line 483
2017-10-16 19:45:53 - PHP Warning:  unlink(/var/www/html/gsmcomponentes/system/storage/modification/system/library/config.php): Permission denied in /var/www/html/gsmcomponentes/admin/controller/marketplace/modification.php on line 483
2017-10-16 19:45:53 - PHP Warning:  rmdir(/var/www/html/gsmcomponentes/system/storage/modification/system/library): Permission denied in /var/www/html/gsmcomponentes/admin/controller/marketplace/modification.php on line 487
2017-10-16 19:45:53 - PHP Warning:  unlink(/var/www/html/gsmcomponentes/system/storage/modification/system/engine/loader.php): Permission denied in /var/www/html/gsmcomponentes/admin/controller/marketplace/modification.php on line 483
2017-10-16 19:45:53 - PHP Warning:  unlink(/var/www/html/gsmcomponentes/system/storage/modification/system/engine/action.php): Permission denied in /var/www/html/gsmcomponentes/admin/controller/marketplace/modification.php on line 483
2017-10-16 19:45:53 - PHP Warning:  rmdir(/var/www/html/gsmcomponentes/system/storage/modification/system/engine): Permission denied in /var/www/html/gsmcomponentes/admin/controller/marketplace/modification.php on line 487
2017-10-16 19:45:53 - PHP Warning:  rmdir(/var/www/html/gsmcomponentes/system/storage/modification/system): Directory not empty in /var/www/html/gsmcomponentes/admin/controller/marketplace/modification.php on line 487
2017-10-16 19:45:54 - PHP Warning:  unlink(/var/www/html/gsmcomponentes/system/storage/modification/system/library/template/twig.php): Permission denied in /var/www/html/gsmcomponentes/admin/controller/marketplace/modification.php on line 483
2017-10-16 19:45:54 - PHP Warning:  unlink(/var/www/html/gsmcomponentes/system/storage/modification/system/library/template/template.php): Permission denied in /var/www/html/gsmcomponentes/admin/controller/marketplace/modification.php on line 483
2017-10-16 19:45:54 - PHP Warning:  rmdir(/var/www/html/gsmcomponentes/system/storage/modification/system/library/template): Permission denied in /var/www/html/gsmcomponentes/admin/controller/marketplace/modification.php on line 487
2017-10-16 19:45:54 - PHP Warning:  unlink(/var/www/html/gsmcomponentes/system/storage/modification/system/library/language.php): Permission denied in /var/www/html/gsmcomponentes/admin/controller/marketplace/modification.php on line 483
2017-10-16 19:45:54 - PHP Warning:  unlink(/var/www/html/gsmcomponentes/system/storage/modification/system/library/config.php): Permission denied in /var/www/html/gsmcomponentes/admin/controller/marketplace/modification.php on line 483
2017-10-16 19:45:54 - PHP Warning:  rmdir(/var/www/html/gsmcomponentes/system/storage/modification/system/library): Permission denied in /var/www/html/gsmcomponentes/admin/controller/marketplace/modification.php on line 487
2017-10-16 19:45:54 - PHP Warning:  unlink(/var/www/html/gsmcomponentes/system/storage/modification/system/engine/loader.php): Permission denied in /var/www/html/gsmcomponentes/admin/controller/marketplace/modification.php on line 483
2017-10-16 19:45:54 - PHP Warning:  unlink(/var/www/html/gsmcomponentes/system/storage/modification/system/engine/action.php): Permission denied in /var/www/html/gsmcomponentes/admin/controller/marketplace/modification.php on line 483
2017-10-16 19:45:54 - PHP Warning:  rmdir(/var/www/html/gsmcomponentes/system/storage/modification/system/engine): Permission denied in /var/www/html/gsmcomponentes/admin/controller/marketplace/modification.php on line 487
2017-10-16 19:45:54 - PHP Warning:  rmdir(/var/www/html/gsmcomponentes/system/storage/modification/system): Directory not empty in /var/www/html/gsmcomponentes/admin/controller/marketplace/modification.php on line 487
2017-10-16 19:45:55 - PHP Warning:  unlink(/var/www/html/gsmcomponentes/system/storage/modification/system/library/template/twig.php): Permission denied in /var/www/html/gsmcomponentes/admin/controller/marketplace/modification.php on line 483
2017-10-16 19:45:55 - PHP Warning:  unlink(/var/www/html/gsmcomponentes/system/storage/modification/system/library/template/template.php): Permission denied in /var/www/html/gsmcomponentes/admin/controller/marketplace/modification.php on line 483
2017-10-16 19:45:55 - PHP Warning:  rmdir(/var/www/html/gsmcomponentes/system/storage/modification/system/library/template): Permission denied in /var/www/html/gsmcomponentes/admin/controller/marketplace/modification.php on line 487
2017-10-16 19:45:55 - PHP Warning:  unlink(/var/www/html/gsmcomponentes/system/storage/modification/system/library/language.php): Permission denied in /var/www/html/gsmcomponentes/admin/controller/marketplace/modification.php on line 483
2017-10-16 19:45:55 - PHP Warning:  unlink(/var/www/html/gsmcomponentes/system/storage/modification/system/library/config.php): Permission denied in /var/www/html/gsmcomponentes/admin/controller/marketplace/modification.php on line 483
2017-10-16 19:45:55 - PHP Warning:  rmdir(/var/www/html/gsmcomponentes/system/storage/modification/system/library): Permission denied in /var/www/html/gsmcomponentes/admin/controller/marketplace/modification.php on line 487
2017-10-16 19:45:55 - PHP Warning:  unlink(/var/www/html/gsmcomponentes/system/storage/modification/system/engine/loader.php): Permission denied in /var/www/html/gsmcomponentes/admin/controller/marketplace/modification.php on line 483
2017-10-16 19:45:55 - PHP Warning:  unlink(/var/www/html/gsmcomponentes/system/storage/modification/system/engine/action.php): Permission denied in /var/www/html/gsmcomponentes/admin/controller/marketplace/modification.php on line 483
2017-10-16 19:45:55 - PHP Warning:  rmdir(/var/www/html/gsmcomponentes/system/storage/modification/system/engine): Permission denied in /var/www/html/gsmcomponentes/admin/controller/marketplace/modification.php on line 487
2017-10-16 19:45:55 - PHP Warning:  rmdir(/var/www/html/gsmcomponentes/system/storage/modification/system): Directory not empty in /var/www/html/gsmcomponentes/admin/controller/marketplace/modification.php on line 487
2017-10-16 19:45:55 - PHP Warning:  unlink(/var/www/html/gsmcomponentes/system/storage/modification/system/library/template/twig.php): Permission denied in /var/www/html/gsmcomponentes/admin/controller/marketplace/modification.php on line 483
2017-10-16 19:45:55 - PHP Warning:  unlink(/var/www/html/gsmcomponentes/system/storage/modification/system/library/template/template.php): Permission denied in /var/www/html/gsmcomponentes/admin/controller/marketplace/modification.php on line 483
2017-10-16 19:45:55 - PHP Warning:  rmdir(/var/www/html/gsmcomponentes/system/storage/modification/system/library/template): Permission denied in /var/www/html/gsmcomponentes/admin/controller/marketplace/modification.php on line 487
2017-10-16 19:45:55 - PHP Warning:  unlink(/var/www/html/gsmcomponentes/system/storage/modification/system/library/language.php): Permission denied in /var/www/html/gsmcomponentes/admin/controller/marketplace/modification.php on line 483
2017-10-16 19:45:55 - PHP Warning:  unlink(/var/www/html/gsmcomponentes/system/storage/modification/system/library/config.php): Permission denied in /var/www/html/gsmcomponentes/admin/controller/marketplace/modification.php on line 483
2017-10-16 19:45:55 - PHP Warning:  rmdir(/var/www/html/gsmcomponentes/system/storage/modification/system/library): Permission denied in /var/www/html/gsmcomponentes/admin/controller/marketplace/modification.php on line 487
2017-10-16 19:45:55 - PHP Warning:  unlink(/var/www/html/gsmcomponentes/system/storage/modification/system/engine/loader.php): Permission denied in /var/www/html/gsmcomponentes/admin/controller/marketplace/modification.php on line 483
2017-10-16 19:45:55 - PHP Warning:  unlink(/var/www/html/gsmcomponentes/system/storage/modification/system/engine/action.php): Permission denied in /var/www/html/gsmcomponentes/admin/controller/marketplace/modification.php on line 483
2017-10-16 19:45:55 - PHP Warning:  rmdir(/var/www/html/gsmcomponentes/system/storage/modification/system/engine): Permission denied in /var/www/html/gsmcomponentes/admin/controller/marketplace/modification.php on line 487
2017-10-16 19:45:55 - PHP Warning:  rmdir(/var/www/html/gsmcomponentes/system/storage/modification/system): Directory not empty in /var/www/html/gsmcomponentes/admin/controller/marketplace/modification.php on line 487
2017-10-16 19:45:55 - PHP Warning:  unlink(/var/www/html/gsmcomponentes/system/storage/modification/system/library/template/twig.php): Permission denied in /var/www/html/gsmcomponentes/admin/controller/marketplace/modification.php on line 483
2017-10-16 19:45:55 - PHP Warning:  unlink(/var/www/html/gsmcomponentes/system/storage/modification/system/library/template/template.php): Permission denied in /var/www/html/gsmcomponentes/admin/controller/marketplace/modification.php on line 483
2017-10-16 19:45:55 - PHP Warning:  rmdir(/var/www/html/gsmcomponentes/system/storage/modification/system/library/template): Permission denied in /var/www/html/gsmcomponentes/admin/controller/marketplace/modification.php on line 487
2017-10-16 19:45:55 - PHP Warning:  unlink(/var/www/html/gsmcomponentes/system/storage/modification/system/library/language.php): Permission denied in /var/www/html/gsmcomponentes/admin/controller/marketplace/modification.php on line 483
2017-10-16 19:45:55 - PHP Warning:  unlink(/var/www/html/gsmcomponentes/system/storage/modification/system/library/config.php): Permission denied in /var/www/html/gsmcomponentes/admin/controller/marketplace/modification.php on line 483
2017-10-16 19:45:55 - PHP Warning:  rmdir(/var/www/html/gsmcomponentes/system/storage/modification/system/library): Permission denied in /var/www/html/gsmcomponentes/admin/controller/marketplace/modification.php on line 487
2017-10-16 19:45:55 - PHP Warning:  unlink(/var/www/html/gsmcomponentes/system/storage/modification/system/engine/loader.php): Permission denied in /var/www/html/gsmcomponentes/admin/controller/marketplace/modification.php on line 483
2017-10-16 19:45:55 - PHP Warning:  unlink(/var/www/html/gsmcomponentes/system/storage/modification/system/engine/action.php): Permission denied in /var/www/html/gsmcomponentes/admin/controller/marketplace/modification.php on line 483
2017-10-16 19:45:55 - PHP Warning:  rmdir(/var/www/html/gsmcomponentes/system/storage/modification/system/engine): Permission denied in /var/www/html/gsmcomponentes/admin/controller/marketplace/modification.php on line 487
2017-10-16 19:45:55 - PHP Warning:  rmdir(/var/www/html/gsmcomponentes/system/storage/modification/system): Directory not empty in /var/www/html/gsmcomponentes/admin/controller/marketplace/modification.php on line 487
2017-10-16 19:45:56 - PHP Warning:  unlink(/var/www/html/gsmcomponentes/system/storage/modification/system/library/template/twig.php): Permission denied in /var/www/html/gsmcomponentes/admin/controller/marketplace/modification.php on line 483
2017-10-16 19:45:56 - PHP Warning:  unlink(/var/www/html/gsmcomponentes/system/storage/modification/system/library/template/template.php): Permission denied in /var/www/html/gsmcomponentes/admin/controller/marketplace/modification.php on line 483
2017-10-16 19:45:56 - PHP Warning:  rmdir(/var/www/html/gsmcomponentes/system/storage/modification/system/library/template): Permission denied in /var/www/html/gsmcomponentes/admin/controller/marketplace/modification.php on line 487
2017-10-16 19:45:56 - PHP Warning:  unlink(/var/www/html/gsmcomponentes/system/storage/modification/system/library/language.php): Permission denied in /var/www/html/gsmcomponentes/admin/controller/marketplace/modification.php on line 483
2017-10-16 19:45:56 - PHP Warning:  unlink(/var/www/html/gsmcomponentes/system/storage/modification/system/library/config.php): Permission denied in /var/www/html/gsmcomponentes/admin/controller/marketplace/modification.php on line 483
2017-10-16 19:45:56 - PHP Warning:  rmdir(/var/www/html/gsmcomponentes/system/storage/modification/system/library): Permission denied in /var/www/html/gsmcomponentes/admin/controller/marketplace/modification.php on line 487
2017-10-16 19:45:56 - PHP Warning:  unlink(/var/www/html/gsmcomponentes/system/storage/modification/system/engine/loader.php): Permission denied in /var/www/html/gsmcomponentes/admin/controller/marketplace/modification.php on line 483
2017-10-16 19:45:56 - PHP Warning:  unlink(/var/www/html/gsmcomponentes/system/storage/modification/system/engine/action.php): Permission denied in /var/www/html/gsmcomponentes/admin/controller/marketplace/modification.php on line 483
2017-10-16 19:45:56 - PHP Warning:  rmdir(/var/www/html/gsmcomponentes/system/storage/modification/system/engine): Permission denied in /var/www/html/gsmcomponentes/admin/controller/marketplace/modification.php on line 487
2017-10-16 19:45:56 - PHP Warning:  rmdir(/var/www/html/gsmcomponentes/system/storage/modification/system): Directory not empty in /var/www/html/gsmcomponentes/admin/controller/marketplace/modification.php on line 487
2017-10-16 19:45:56 - PHP Warning:  unlink(/var/www/html/gsmcomponentes/system/storage/modification/system/library/template/twig.php): Permission denied in /var/www/html/gsmcomponentes/admin/controller/marketplace/modification.php on line 483
2017-10-16 19:45:56 - PHP Warning:  unlink(/var/www/html/gsmcomponentes/system/storage/modification/system/library/template/template.php): Permission denied in /var/www/html/gsmcomponentes/admin/controller/marketplace/modification.php on line 483
2017-10-16 19:45:56 - PHP Warning:  rmdir(/var/www/html/gsmcomponentes/system/storage/modification/system/library/template): Permission denied in /var/www/html/gsmcomponentes/admin/controller/marketplace/modification.php on line 487
2017-10-16 19:45:56 - PHP Warning:  unlink(/var/www/html/gsmcomponentes/system/storage/modification/system/library/language.php): Permission denied in /var/www/html/gsmcomponentes/admin/controller/marketplace/modification.php on line 483
2017-10-16 19:45:56 - PHP Warning:  unlink(/var/www/html/gsmcomponentes/system/storage/modification/system/library/config.php): Permission denied in /var/www/html/gsmcomponentes/admin/controller/marketplace/modification.php on line 483
2017-10-16 19:45:56 - PHP Warning:  rmdir(/var/www/html/gsmcomponentes/system/storage/modification/system/library): Permission denied in /var/www/html/gsmcomponentes/admin/controller/marketplace/modification.php on line 487
2017-10-16 19:45:56 - PHP Warning:  unlink(/var/www/html/gsmcomponentes/system/storage/modification/system/engine/loader.php): Permission denied in /var/www/html/gsmcomponentes/admin/controller/marketplace/modification.php on line 483
2017-10-16 19:45:56 - PHP Warning:  unlink(/var/www/html/gsmcomponentes/system/storage/modification/system/engine/action.php): Permission denied in /var/www/html/gsmcomponentes/admin/controller/marketplace/modification.php on line 483
2017-10-16 19:45:56 - PHP Warning:  rmdir(/var/www/html/gsmcomponentes/system/storage/modification/system/engine): Permission denied in /var/www/html/gsmcomponentes/admin/controller/marketplace/modification.php on line 487
2017-10-16 19:45:56 - PHP Warning:  rmdir(/var/www/html/gsmcomponentes/system/storage/modification/system): Directory not empty in /var/www/html/gsmcomponentes/admin/controller/marketplace/modification.php on line 487
2017-10-16 19:45:56 - PHP Warning:  unlink(/var/www/html/gsmcomponentes/system/storage/modification/system/library/template/twig.php): Permission denied in /var/www/html/gsmcomponentes/admin/controller/marketplace/modification.php on line 483
2017-10-16 19:45:56 - PHP Warning:  unlink(/var/www/html/gsmcomponentes/system/storage/modification/system/library/template/template.php): Permission denied in /var/www/html/gsmcomponentes/admin/controller/marketplace/modification.php on line 483
2017-10-16 19:45:56 - PHP Warning:  rmdir(/var/www/html/gsmcomponentes/system/storage/modification/system/library/template): Permission denied in /var/www/html/gsmcomponentes/admin/controller/marketplace/modification.php on line 487
2017-10-16 19:45:56 - PHP Warning:  unlink(/var/www/html/gsmcomponentes/system/storage/modification/system/library/language.php): Permission denied in /var/www/html/gsmcomponentes/admin/controller/marketplace/modification.php on line 483
2017-10-16 19:45:56 - PHP Warning:  unlink(/var/www/html/gsmcomponentes/system/storage/modification/system/library/config.php): Permission denied in /var/www/html/gsmcomponentes/admin/controller/marketplace/modification.php on line 483
2017-10-16 19:45:56 - PHP Warning:  rmdir(/var/www/html/gsmcomponentes/system/storage/modification/system/library): Permission denied in /var/www/html/gsmcomponentes/admin/controller/marketplace/modification.php on line 487
2017-10-16 19:45:56 - PHP Warning:  unlink(/var/www/html/gsmcomponentes/system/storage/modification/system/engine/loader.php): Permission denied in /var/www/html/gsmcomponentes/admin/controller/marketplace/modification.php on line 483
2017-10-16 19:45:56 - PHP Warning:  unlink(/var/www/html/gsmcomponentes/system/storage/modification/system/engine/action.php): Permission denied in /var/www/html/gsmcomponentes/admin/controller/marketplace/modification.php on line 483
2017-10-16 19:45:56 - PHP Warning:  rmdir(/var/www/html/gsmcomponentes/system/storage/modification/system/engine): Permission denied in /var/www/html/gsmcomponentes/admin/controller/marketplace/modification.php on line 487
2017-10-16 19:45:56 - PHP Warning:  rmdir(/var/www/html/gsmcomponentes/system/storage/modification/system): Directory not empty in /var/www/html/gsmcomponentes/admin/controller/marketplace/modification.php on line 487
2017-10-16 19:45:58 - PHP Warning:  unlink(/var/www/html/gsmcomponentes/system/storage/modification/system/library/template/twig.php): Permission denied in /var/www/html/gsmcomponentes/admin/controller/marketplace/modification.php on line 101
2017-10-16 19:45:58 - PHP Warning:  unlink(/var/www/html/gsmcomponentes/system/storage/modification/system/library/template/template.php): Permission denied in /var/www/html/gsmcomponentes/admin/controller/marketplace/modification.php on line 101
2017-10-16 19:45:58 - PHP Warning:  rmdir(/var/www/html/gsmcomponentes/system/storage/modification/system/library/template): Permission denied in /var/www/html/gsmcomponentes/admin/controller/marketplace/modification.php on line 105
2017-10-16 19:45:58 - PHP Warning:  unlink(/var/www/html/gsmcomponentes/system/storage/modification/system/library/language.php): Permission denied in /var/www/html/gsmcomponentes/admin/controller/marketplace/modification.php on line 101
2017-10-16 19:45:58 - PHP Warning:  unlink(/var/www/html/gsmcomponentes/system/storage/modification/system/library/config.php): Permission denied in /var/www/html/gsmcomponentes/admin/controller/marketplace/modification.php on line 101
2017-10-16 19:45:58 - PHP Warning:  rmdir(/var/www/html/gsmcomponentes/system/storage/modification/system/library): Permission denied in /var/www/html/gsmcomponentes/admin/controller/marketplace/modification.php on line 105
2017-10-16 19:45:58 - PHP Warning:  unlink(/var/www/html/gsmcomponentes/system/storage/modification/system/engine/loader.php): Permission denied in /var/www/html/gsmcomponentes/admin/controller/marketplace/modification.php on line 101
2017-10-16 19:45:58 - PHP Warning:  unlink(/var/www/html/gsmcomponentes/system/storage/modification/system/engine/action.php): Permission denied in /var/www/html/gsmcomponentes/admin/controller/marketplace/modification.php on line 101
2017-10-16 19:45:58 - PHP Warning:  rmdir(/var/www/html/gsmcomponentes/system/storage/modification/system/engine): Permission denied in /var/www/html/gsmcomponentes/admin/controller/marketplace/modification.php on line 105
2017-10-16 19:45:58 - PHP Warning:  rmdir(/var/www/html/gsmcomponentes/system/storage/modification/system): Directory not empty in /var/www/html/gsmcomponentes/admin/controller/marketplace/modification.php on line 105
2017-10-16 19:45:58 - PHP Warning:  fopen(/var/www/html/gsmcomponentes/system/storage/logs/ocmod.log): failed to open stream: Permission denied in /var/www/html/gsmcomponentes/system/library/log.php on line 22
2017-10-16 19:45:58 - PHP Warning:  fwrite() expects parameter 1 to be resource, boolean given in /var/www/html/gsmcomponentes/system/library/log.php on line 31
2017-10-16 19:45:58 - PHP Warning:  fopen(/var/www/html/gsmcomponentes/system/storage/modification/system/engine/action.php): failed to open stream: Permission denied in /var/www/html/gsmcomponentes/admin/controller/marketplace/modification.php on line 413
2017-10-16 19:45:58 - PHP Warning:  fwrite() expects parameter 1 to be resource, boolean given in /var/www/html/gsmcomponentes/admin/controller/marketplace/modification.php on line 415
2017-10-16 19:45:58 - PHP Warning:  fclose() expects parameter 1 to be resource, boolean given in /var/www/html/gsmcomponentes/admin/controller/marketplace/modification.php on line 417
2017-10-16 19:45:58 - PHP Warning:  fopen(/var/www/html/gsmcomponentes/system/storage/modification/system/engine/loader.php): failed to open stream: Permission denied in /var/www/html/gsmcomponentes/admin/controller/marketplace/modification.php on line 413
2017-10-16 19:45:58 - PHP Warning:  fwrite() expects parameter 1 to be resource, boolean given in /var/www/html/gsmcomponentes/admin/controller/marketplace/modification.php on line 415
2017-10-16 19:45:58 - PHP Warning:  fclose() expects parameter 1 to be resource, boolean given in /var/www/html/gsmcomponentes/admin/controller/marketplace/modification.php on line 417
2017-10-16 19:45:58 - PHP Warning:  fopen(/var/www/html/gsmcomponentes/system/storage/modification/system/library/config.php): failed to open stream: Permission denied in /var/www/html/gsmcomponentes/admin/controller/marketplace/modification.php on line 413
2017-10-16 19:45:58 - PHP Warning:  fwrite() expects parameter 1 to be resource, boolean given in /var/www/html/gsmcomponentes/admin/controller/marketplace/modification.php on line 415
2017-10-16 19:45:58 - PHP Warning:  fclose() expects parameter 1 to be resource, boolean given in /var/www/html/gsmcomponentes/admin/controller/marketplace/modification.php on line 417
2017-10-16 19:45:58 - PHP Warning:  fopen(/var/www/html/gsmcomponentes/system/storage/modification/system/library/language.php): failed to open stream: Permission denied in /var/www/html/gsmcomponentes/admin/controller/marketplace/modification.php on line 413
2017-10-16 19:45:58 - PHP Warning:  fwrite() expects parameter 1 to be resource, boolean given in /var/www/html/gsmcomponentes/admin/controller/marketplace/modification.php on line 415
2017-10-16 19:45:58 - PHP Warning:  fclose() expects parameter 1 to be resource, boolean given in /var/www/html/gsmcomponentes/admin/controller/marketplace/modification.php on line 417
2017-10-16 19:45:58 - PHP Warning:  fopen(/var/www/html/gsmcomponentes/system/storage/modification/system/library/template/template.php): failed to open stream: Permission denied in /var/www/html/gsmcomponentes/admin/controller/marketplace/modification.php on line 413
2017-10-16 19:45:58 - PHP Warning:  fwrite() expects parameter 1 to be resource, boolean given in /var/www/html/gsmcomponentes/admin/controller/marketplace/modification.php on line 415
2017-10-16 19:45:58 - PHP Warning:  fclose() expects parameter 1 to be resource, boolean given in /var/www/html/gsmcomponentes/admin/controller/marketplace/modification.php on line 417
2017-10-16 19:45:58 - PHP Warning:  fopen(/var/www/html/gsmcomponentes/system/storage/modification/system/library/template/twig.php): failed to open stream: Permission denied in /var/www/html/gsmcomponentes/admin/controller/marketplace/modification.php on line 413
2017-10-16 19:45:58 - PHP Warning:  fwrite() expects parameter 1 to be resource, boolean given in /var/www/html/gsmcomponentes/admin/controller/marketplace/modification.php on line 415
2017-10-16 19:45:58 - PHP Warning:  fclose() expects parameter 1 to be resource, boolean given in /var/www/html/gsmcomponentes/admin/controller/marketplace/modification.php on line 417
2017-10-16 19:45:58 - PHP Warning:  Cannot modify header information - headers already sent by (output started at /var/www/html/gsmcomponentes/admin/controller/startup/error.php:34) in /var/www/html/gsmcomponentes/system/library/response.php on line 36
2017-10-16 19:46:02 - PHP Warning:  unlink(/var/www/html/gsmcomponentes/system/storage/modification/system/library/template/twig.php): Permission denied in /var/www/html/gsmcomponentes/admin/controller/marketplace/modification.php on line 101
2017-10-16 19:46:02 - PHP Warning:  unlink(/var/www/html/gsmcomponentes/system/storage/modification/system/library/template/template.php): Permission denied in /var/www/html/gsmcomponentes/admin/controller/marketplace/modification.php on line 101
2017-10-16 19:46:02 - PHP Warning:  rmdir(/var/www/html/gsmcomponentes/system/storage/modification/system/library/template): Permission denied in /var/www/html/gsmcomponentes/admin/controller/marketplace/modification.php on line 105
2017-10-16 19:46:02 - PHP Warning:  unlink(/var/www/html/gsmcomponentes/system/storage/modification/system/library/language.php): Permission denied in /var/www/html/gsmcomponentes/admin/controller/marketplace/modification.php on line 101
2017-10-16 19:46:02 - PHP Warning:  unlink(/var/www/html/gsmcomponentes/system/storage/modification/system/library/config.php): Permission denied in /var/www/html/gsmcomponentes/admin/controller/marketplace/modification.php on line 101
2017-10-16 19:46:02 - PHP Warning:  rmdir(/var/www/html/gsmcomponentes/system/storage/modification/system/library): Permission denied in /var/www/html/gsmcomponentes/admin/controller/marketplace/modification.php on line 105
2017-10-16 19:46:02 - PHP Warning:  unlink(/var/www/html/gsmcomponentes/system/storage/modification/system/engine/loader.php): Permission denied in /var/www/html/gsmcomponentes/admin/controller/marketplace/modification.php on line 101
2017-10-16 19:46:02 - PHP Warning:  unlink(/var/www/html/gsmcomponentes/system/storage/modification/system/engine/action.php): Permission denied in /var/www/html/gsmcomponentes/admin/controller/marketplace/modification.php on line 101
2017-10-16 19:46:02 - PHP Warning:  rmdir(/var/www/html/gsmcomponentes/system/storage/modification/system/engine): Permission denied in /var/www/html/gsmcomponentes/admin/controller/marketplace/modification.php on line 105
2017-10-16 19:46:02 - PHP Warning:  rmdir(/var/www/html/gsmcomponentes/system/storage/modification/system): Directory not empty in /var/www/html/gsmcomponentes/admin/controller/marketplace/modification.php on line 105
2017-10-16 19:46:02 - PHP Warning:  fopen(/var/www/html/gsmcomponentes/system/storage/logs/ocmod.log): failed to open stream: Permission denied in /var/www/html/gsmcomponentes/system/library/log.php on line 22
2017-10-16 19:46:02 - PHP Warning:  fwrite() expects parameter 1 to be resource, boolean given in /var/www/html/gsmcomponentes/system/library/log.php on line 31
2017-10-16 19:46:02 - PHP Warning:  fopen(/var/www/html/gsmcomponentes/system/storage/modification/system/engine/action.php): failed to open stream: Permission denied in /var/www/html/gsmcomponentes/admin/controller/marketplace/modification.php on line 413
2017-10-16 19:46:02 - PHP Warning:  fwrite() expects parameter 1 to be resource, boolean given in /var/www/html/gsmcomponentes/admin/controller/marketplace/modification.php on line 415
2017-10-16 19:46:02 - PHP Warning:  fclose() expects parameter 1 to be resource, boolean given in /var/www/html/gsmcomponentes/admin/controller/marketplace/modification.php on line 417
2017-10-16 19:46:02 - PHP Warning:  fopen(/var/www/html/gsmcomponentes/system/storage/modification/system/engine/loader.php): failed to open stream: Permission denied in /var/www/html/gsmcomponentes/admin/controller/marketplace/modification.php on line 413
2017-10-16 19:46:02 - PHP Warning:  fwrite() expects parameter 1 to be resource, boolean given in /var/www/html/gsmcomponentes/admin/controller/marketplace/modification.php on line 415
2017-10-16 19:46:02 - PHP Warning:  fclose() expects parameter 1 to be resource, boolean given in /var/www/html/gsmcomponentes/admin/controller/marketplace/modification.php on line 417
2017-10-16 19:46:02 - PHP Warning:  fopen(/var/www/html/gsmcomponentes/system/storage/modification/system/library/config.php): failed to open stream: Permission denied in /var/www/html/gsmcomponentes/admin/controller/marketplace/modification.php on line 413
2017-10-16 19:46:02 - PHP Warning:  fwrite() expects parameter 1 to be resource, boolean given in /var/www/html/gsmcomponentes/admin/controller/marketplace/modification.php on line 415
2017-10-16 19:46:02 - PHP Warning:  fclose() expects parameter 1 to be resource, boolean given in /var/www/html/gsmcomponentes/admin/controller/marketplace/modification.php on line 417
2017-10-16 19:46:02 - PHP Warning:  fopen(/var/www/html/gsmcomponentes/system/storage/modification/system/library/language.php): failed to open stream: Permission denied in /var/www/html/gsmcomponentes/admin/controller/marketplace/modification.php on line 413
2017-10-16 19:46:02 - PHP Warning:  fwrite() expects parameter 1 to be resource, boolean given in /var/www/html/gsmcomponentes/admin/controller/marketplace/modification.php on line 415
2017-10-16 19:46:02 - PHP Warning:  fclose() expects parameter 1 to be resource, boolean given in /var/www/html/gsmcomponentes/admin/controller/marketplace/modification.php on line 417
2017-10-16 19:46:02 - PHP Warning:  fopen(/var/www/html/gsmcomponentes/system/storage/modification/system/library/template/template.php): failed to open stream: Permission denied in /var/www/html/gsmcomponentes/admin/controller/marketplace/modification.php on line 413
2017-10-16 19:46:02 - PHP Warning:  fwrite() expects parameter 1 to be resource, boolean given in /var/www/html/gsmcomponentes/admin/controller/marketplace/modification.php on line 415
2017-10-16 19:46:02 - PHP Warning:  fclose() expects parameter 1 to be resource, boolean given in /var/www/html/gsmcomponentes/admin/controller/marketplace/modification.php on line 417
2017-10-16 19:46:02 - PHP Warning:  fopen(/var/www/html/gsmcomponentes/system/storage/modification/system/library/template/twig.php): failed to open stream: Permission denied in /var/www/html/gsmcomponentes/admin/controller/marketplace/modification.php on line 413
2017-10-16 19:46:02 - PHP Warning:  fwrite() expects parameter 1 to be resource, boolean given in /var/www/html/gsmcomponentes/admin/controller/marketplace/modification.php on line 415
2017-10-16 19:46:02 - PHP Warning:  fclose() expects parameter 1 to be resource, boolean given in /var/www/html/gsmcomponentes/admin/controller/marketplace/modification.php on line 417
2017-10-16 19:46:02 - PHP Warning:  Cannot modify header information - headers already sent by (output started at /var/www/html/gsmcomponentes/admin/controller/startup/error.php:34) in /var/www/html/gsmcomponentes/system/library/response.php on line 36
2017-10-16 19:49:20 - PHP Warning:  unlink(/var/www/html/gsmcomponentes/system/storage/modification/system/library/template/twig.php): Permission denied in /var/www/html/gsmcomponentes/admin/controller/marketplace/modification.php on line 101
2017-10-16 19:49:20 - PHP Warning:  unlink(/var/www/html/gsmcomponentes/system/storage/modification/system/library/template/template.php): Permission denied in /var/www/html/gsmcomponentes/admin/controller/marketplace/modification.php on line 101
2017-10-16 19:49:20 - PHP Warning:  rmdir(/var/www/html/gsmcomponentes/system/storage/modification/system/library/template): Permission denied in /var/www/html/gsmcomponentes/admin/controller/marketplace/modification.php on line 105
2017-10-16 19:49:20 - PHP Warning:  unlink(/var/www/html/gsmcomponentes/system/storage/modification/system/library/language.php): Permission denied in /var/www/html/gsmcomponentes/admin/controller/marketplace/modification.php on line 101
2017-10-16 19:49:20 - PHP Warning:  unlink(/var/www/html/gsmcomponentes/system/storage/modification/system/library/config.php): Permission denied in /var/www/html/gsmcomponentes/admin/controller/marketplace/modification.php on line 101
2017-10-16 19:49:20 - PHP Warning:  rmdir(/var/www/html/gsmcomponentes/system/storage/modification/system/library): Permission denied in /var/www/html/gsmcomponentes/admin/controller/marketplace/modification.php on line 105
2017-10-16 19:49:20 - PHP Warning:  unlink(/var/www/html/gsmcomponentes/system/storage/modification/system/engine/loader.php): Permission denied in /var/www/html/gsmcomponentes/admin/controller/marketplace/modification.php on line 101
2017-10-16 19:49:20 - PHP Warning:  unlink(/var/www/html/gsmcomponentes/system/storage/modification/system/engine/action.php): Permission denied in /var/www/html/gsmcomponentes/admin/controller/marketplace/modification.php on line 101
2017-10-16 19:49:20 - PHP Warning:  rmdir(/var/www/html/gsmcomponentes/system/storage/modification/system/engine): Permission denied in /var/www/html/gsmcomponentes/admin/controller/marketplace/modification.php on line 105
2017-10-16 19:49:20 - PHP Warning:  rmdir(/var/www/html/gsmcomponentes/system/storage/modification/system): Directory not empty in /var/www/html/gsmcomponentes/admin/controller/marketplace/modification.php on line 105
2017-10-16 19:49:20 - PHP Warning:  fopen(/var/www/html/gsmcomponentes/system/storage/logs/ocmod.log): failed to open stream: Permission denied in /var/www/html/gsmcomponentes/system/library/log.php on line 22
2017-10-16 19:49:20 - PHP Warning:  fwrite() expects parameter 1 to be resource, boolean given in /var/www/html/gsmcomponentes/system/library/log.php on line 31
2017-10-16 19:49:20 - PHP Warning:  fopen(/var/www/html/gsmcomponentes/system/storage/modification/system/engine/action.php): failed to open stream: Permission denied in /var/www/html/gsmcomponentes/admin/controller/marketplace/modification.php on line 413
2017-10-16 19:49:20 - PHP Warning:  fwrite() expects parameter 1 to be resource, boolean given in /var/www/html/gsmcomponentes/admin/controller/marketplace/modification.php on line 415
2017-10-16 19:49:20 - PHP Warning:  fclose() expects parameter 1 to be resource, boolean given in /var/www/html/gsmcomponentes/admin/controller/marketplace/modification.php on line 417
2017-10-16 19:49:20 - PHP Warning:  fopen(/var/www/html/gsmcomponentes/system/storage/modification/system/engine/loader.php): failed to open stream: Permission denied in /var/www/html/gsmcomponentes/admin/controller/marketplace/modification.php on line 413
2017-10-16 19:49:20 - PHP Warning:  fwrite() expects parameter 1 to be resource, boolean given in /var/www/html/gsmcomponentes/admin/controller/marketplace/modification.php on line 415
2017-10-16 19:49:20 - PHP Warning:  fclose() expects parameter 1 to be resource, boolean given in /var/www/html/gsmcomponentes/admin/controller/marketplace/modification.php on line 417
2017-10-16 19:49:20 - PHP Warning:  fopen(/var/www/html/gsmcomponentes/system/storage/modification/system/library/config.php): failed to open stream: Permission denied in /var/www/html/gsmcomponentes/admin/controller/marketplace/modification.php on line 413
2017-10-16 19:49:20 - PHP Warning:  fwrite() expects parameter 1 to be resource, boolean given in /var/www/html/gsmcomponentes/admin/controller/marketplace/modification.php on line 415
2017-10-16 19:49:20 - PHP Warning:  fclose() expects parameter 1 to be resource, boolean given in /var/www/html/gsmcomponentes/admin/controller/marketplace/modification.php on line 417
2017-10-16 19:49:20 - PHP Warning:  fopen(/var/www/html/gsmcomponentes/system/storage/modification/system/library/language.php): failed to open stream: Permission denied in /var/www/html/gsmcomponentes/admin/controller/marketplace/modification.php on line 413
2017-10-16 19:49:20 - PHP Warning:  fwrite() expects parameter 1 to be resource, boolean given in /var/www/html/gsmcomponentes/admin/controller/marketplace/modification.php on line 415
2017-10-16 19:49:20 - PHP Warning:  fclose() expects parameter 1 to be resource, boolean given in /var/www/html/gsmcomponentes/admin/controller/marketplace/modification.php on line 417
2017-10-16 19:49:20 - PHP Warning:  fopen(/var/www/html/gsmcomponentes/system/storage/modification/system/library/template/template.php): failed to open stream: Permission denied in /var/www/html/gsmcomponentes/admin/controller/marketplace/modification.php on line 413
2017-10-16 19:49:20 - PHP Warning:  fwrite() expects parameter 1 to be resource, boolean given in /var/www/html/gsmcomponentes/admin/controller/marketplace/modification.php on line 415
2017-10-16 19:49:20 - PHP Warning:  fclose() expects parameter 1 to be resource, boolean given in /var/www/html/gsmcomponentes/admin/controller/marketplace/modification.php on line 417
2017-10-16 19:49:20 - PHP Warning:  fopen(/var/www/html/gsmcomponentes/system/storage/modification/system/library/template/twig.php): failed to open stream: Permission denied in /var/www/html/gsmcomponentes/admin/controller/marketplace/modification.php on line 413
2017-10-16 19:49:20 - PHP Warning:  fwrite() expects parameter 1 to be resource, boolean given in /var/www/html/gsmcomponentes/admin/controller/marketplace/modification.php on line 415
2017-10-16 19:49:20 - PHP Warning:  fclose() expects parameter 1 to be resource, boolean given in /var/www/html/gsmcomponentes/admin/controller/marketplace/modification.php on line 417
2017-10-16 19:49:20 - PHP Warning:  Cannot modify header information - headers already sent by (output started at /var/www/html/gsmcomponentes/admin/controller/startup/error.php:34) in /var/www/html/gsmcomponentes/system/library/response.php on line 36
2017-10-16 19:49:23 - PHP Warning:  unlink(/var/www/html/gsmcomponentes/system/storage/modification/system/library/template/twig.php): Permission denied in /var/www/html/gsmcomponentes/admin/controller/marketplace/modification.php on line 101
2017-10-16 19:49:23 - PHP Warning:  unlink(/var/www/html/gsmcomponentes/system/storage/modification/system/library/template/template.php): Permission denied in /var/www/html/gsmcomponentes/admin/controller/marketplace/modification.php on line 101
2017-10-16 19:49:23 - PHP Warning:  rmdir(/var/www/html/gsmcomponentes/system/storage/modification/system/library/template): Permission denied in /var/www/html/gsmcomponentes/admin/controller/marketplace/modification.php on line 105
2017-10-16 19:49:23 - PHP Warning:  unlink(/var/www/html/gsmcomponentes/system/storage/modification/system/library/language.php): Permission denied in /var/www/html/gsmcomponentes/admin/controller/marketplace/modification.php on line 101
2017-10-16 19:49:23 - PHP Warning:  unlink(/var/www/html/gsmcomponentes/system/storage/modification/system/library/config.php): Permission denied in /var/www/html/gsmcomponentes/admin/controller/marketplace/modification.php on line 101
2017-10-16 19:49:23 - PHP Warning:  rmdir(/var/www/html/gsmcomponentes/system/storage/modification/system/library): Permission denied in /var/www/html/gsmcomponentes/admin/controller/marketplace/modification.php on line 105
2017-10-16 19:49:23 - PHP Warning:  unlink(/var/www/html/gsmcomponentes/system/storage/modification/system/engine/loader.php): Permission denied in /var/www/html/gsmcomponentes/admin/controller/marketplace/modification.php on line 101
2017-10-16 19:49:23 - PHP Warning:  unlink(/var/www/html/gsmcomponentes/system/storage/modification/system/engine/action.php): Permission denied in /var/www/html/gsmcomponentes/admin/controller/marketplace/modification.php on line 101
2017-10-16 19:49:23 - PHP Warning:  rmdir(/var/www/html/gsmcomponentes/system/storage/modification/system/engine): Permission denied in /var/www/html/gsmcomponentes/admin/controller/marketplace/modification.php on line 105
2017-10-16 19:49:23 - PHP Warning:  rmdir(/var/www/html/gsmcomponentes/system/storage/modification/system): Directory not empty in /var/www/html/gsmcomponentes/admin/controller/marketplace/modification.php on line 105
2017-10-16 19:49:23 - PHP Warning:  fopen(/var/www/html/gsmcomponentes/system/storage/logs/ocmod.log): failed to open stream: Permission denied in /var/www/html/gsmcomponentes/system/library/log.php on line 22
2017-10-16 19:49:23 - PHP Warning:  fwrite() expects parameter 1 to be resource, boolean given in /var/www/html/gsmcomponentes/system/library/log.php on line 31
2017-10-16 19:49:23 - PHP Warning:  fopen(/var/www/html/gsmcomponentes/system/storage/modification/system/engine/action.php): failed to open stream: Permission denied in /var/www/html/gsmcomponentes/admin/controller/marketplace/modification.php on line 413
2017-10-16 19:49:23 - PHP Warning:  fwrite() expects parameter 1 to be resource, boolean given in /var/www/html/gsmcomponentes/admin/controller/marketplace/modification.php on line 415
2017-10-16 19:49:23 - PHP Warning:  fclose() expects parameter 1 to be resource, boolean given in /var/www/html/gsmcomponentes/admin/controller/marketplace/modification.php on line 417
2017-10-16 19:49:23 - PHP Warning:  fopen(/var/www/html/gsmcomponentes/system/storage/modification/system/engine/loader.php): failed to open stream: Permission denied in /var/www/html/gsmcomponentes/admin/controller/marketplace/modification.php on line 413
2017-10-16 19:49:23 - PHP Warning:  fwrite() expects parameter 1 to be resource, boolean given in /var/www/html/gsmcomponentes/admin/controller/marketplace/modification.php on line 415
2017-10-16 19:49:23 - PHP Warning:  fclose() expects parameter 1 to be resource, boolean given in /var/www/html/gsmcomponentes/admin/controller/marketplace/modification.php on line 417
2017-10-16 19:49:23 - PHP Warning:  fopen(/var/www/html/gsmcomponentes/system/storage/modification/system/library/config.php): failed to open stream: Permission denied in /var/www/html/gsmcomponentes/admin/controller/marketplace/modification.php on line 413
2017-10-16 19:49:23 - PHP Warning:  fwrite() expects parameter 1 to be resource, boolean given in /var/www/html/gsmcomponentes/admin/controller/marketplace/modification.php on line 415
2017-10-16 19:49:23 - PHP Warning:  fclose() expects parameter 1 to be resource, boolean given in /var/www/html/gsmcomponentes/admin/controller/marketplace/modification.php on line 417
2017-10-16 19:49:23 - PHP Warning:  fopen(/var/www/html/gsmcomponentes/system/storage/modification/system/library/language.php): failed to open stream: Permission denied in /var/www/html/gsmcomponentes/admin/controller/marketplace/modification.php on line 413
2017-10-16 19:49:23 - PHP Warning:  fwrite() expects parameter 1 to be resource, boolean given in /var/www/html/gsmcomponentes/admin/controller/marketplace/modification.php on line 415
2017-10-16 19:49:23 - PHP Warning:  fclose() expects parameter 1 to be resource, boolean given in /var/www/html/gsmcomponentes/admin/controller/marketplace/modification.php on line 417
2017-10-16 19:49:23 - PHP Warning:  fopen(/var/www/html/gsmcomponentes/system/storage/modification/system/library/template/template.php): failed to open stream: Permission denied in /var/www/html/gsmcomponentes/admin/controller/marketplace/modification.php on line 413
2017-10-16 19:49:23 - PHP Warning:  fwrite() expects parameter 1 to be resource, boolean given in /var/www/html/gsmcomponentes/admin/controller/marketplace/modification.php on line 415
2017-10-16 19:49:23 - PHP Warning:  fclose() expects parameter 1 to be resource, boolean given in /var/www/html/gsmcomponentes/admin/controller/marketplace/modification.php on line 417
2017-10-16 19:49:23 - PHP Warning:  fopen(/var/www/html/gsmcomponentes/system/storage/modification/system/library/template/twig.php): failed to open stream: Permission denied in /var/www/html/gsmcomponentes/admin/controller/marketplace/modification.php on line 413
2017-10-16 19:49:23 - PHP Warning:  fwrite() expects parameter 1 to be resource, boolean given in /var/www/html/gsmcomponentes/admin/controller/marketplace/modification.php on line 415
2017-10-16 19:49:23 - PHP Warning:  fclose() expects parameter 1 to be resource, boolean given in /var/www/html/gsmcomponentes/admin/controller/marketplace/modification.php on line 417
2017-10-16 19:49:23 - PHP Warning:  Cannot modify header information - headers already sent by (output started at /var/www/html/gsmcomponentes/admin/controller/startup/error.php:34) in /var/www/html/gsmcomponentes/system/library/response.php on line 36
2017-10-16 19:52:08 - PHP Warning:  unlink(/var/www/html/gsmcomponentes/system/storage/modification/system/library/template/twig.php): Permission denied in /var/www/html/gsmcomponentes/admin/controller/marketplace/modification.php on line 483
2017-10-16 19:52:08 - PHP Warning:  unlink(/var/www/html/gsmcomponentes/system/storage/modification/system/library/template/template.php): Permission denied in /var/www/html/gsmcomponentes/admin/controller/marketplace/modification.php on line 483
2017-10-16 19:52:08 - PHP Warning:  rmdir(/var/www/html/gsmcomponentes/system/storage/modification/system/library/template): Permission denied in /var/www/html/gsmcomponentes/admin/controller/marketplace/modification.php on line 487
2017-10-16 19:52:08 - PHP Warning:  unlink(/var/www/html/gsmcomponentes/system/storage/modification/system/library/language.php): Permission denied in /var/www/html/gsmcomponentes/admin/controller/marketplace/modification.php on line 483
2017-10-16 19:52:08 - PHP Warning:  unlink(/var/www/html/gsmcomponentes/system/storage/modification/system/library/config.php): Permission denied in /var/www/html/gsmcomponentes/admin/controller/marketplace/modification.php on line 483
2017-10-16 19:52:08 - PHP Warning:  rmdir(/var/www/html/gsmcomponentes/system/storage/modification/system/library): Permission denied in /var/www/html/gsmcomponentes/admin/controller/marketplace/modification.php on line 487
2017-10-16 19:52:08 - PHP Warning:  unlink(/var/www/html/gsmcomponentes/system/storage/modification/system/engine/loader.php): Permission denied in /var/www/html/gsmcomponentes/admin/controller/marketplace/modification.php on line 483
2017-10-16 19:52:08 - PHP Warning:  unlink(/var/www/html/gsmcomponentes/system/storage/modification/system/engine/action.php): Permission denied in /var/www/html/gsmcomponentes/admin/controller/marketplace/modification.php on line 483
2017-10-16 19:52:08 - PHP Warning:  rmdir(/var/www/html/gsmcomponentes/system/storage/modification/system/engine): Permission denied in /var/www/html/gsmcomponentes/admin/controller/marketplace/modification.php on line 487
2017-10-16 19:52:08 - PHP Warning:  rmdir(/var/www/html/gsmcomponentes/system/storage/modification/system): Directory not empty in /var/www/html/gsmcomponentes/admin/controller/marketplace/modification.php on line 487
2017-10-16 19:52:12 - PHP Warning:  unlink(/var/www/html/gsmcomponentes/system/storage/modification/system/library/template/twig.php): Permission denied in /var/www/html/gsmcomponentes/admin/controller/marketplace/modification.php on line 483
2017-10-16 19:52:12 - PHP Warning:  unlink(/var/www/html/gsmcomponentes/system/storage/modification/system/library/template/template.php): Permission denied in /var/www/html/gsmcomponentes/admin/controller/marketplace/modification.php on line 483
2017-10-16 19:52:12 - PHP Warning:  rmdir(/var/www/html/gsmcomponentes/system/storage/modification/system/library/template): Permission denied in /var/www/html/gsmcomponentes/admin/controller/marketplace/modification.php on line 487
2017-10-16 19:52:12 - PHP Warning:  unlink(/var/www/html/gsmcomponentes/system/storage/modification/system/library/language.php): Permission denied in /var/www/html/gsmcomponentes/admin/controller/marketplace/modification.php on line 483
2017-10-16 19:52:12 - PHP Warning:  unlink(/var/www/html/gsmcomponentes/system/storage/modification/system/library/config.php): Permission denied in /var/www/html/gsmcomponentes/admin/controller/marketplace/modification.php on line 483
2017-10-16 19:52:12 - PHP Warning:  rmdir(/var/www/html/gsmcomponentes/system/storage/modification/system/library): Permission denied in /var/www/html/gsmcomponentes/admin/controller/marketplace/modification.php on line 487
2017-10-16 19:52:12 - PHP Warning:  unlink(/var/www/html/gsmcomponentes/system/storage/modification/system/engine/loader.php): Permission denied in /var/www/html/gsmcomponentes/admin/controller/marketplace/modification.php on line 483
2017-10-16 19:52:12 - PHP Warning:  unlink(/var/www/html/gsmcomponentes/system/storage/modification/system/engine/action.php): Permission denied in /var/www/html/gsmcomponentes/admin/controller/marketplace/modification.php on line 483
2017-10-16 19:52:12 - PHP Warning:  rmdir(/var/www/html/gsmcomponentes/system/storage/modification/system/engine): Permission denied in /var/www/html/gsmcomponentes/admin/controller/marketplace/modification.php on line 487
2017-10-16 19:52:12 - PHP Warning:  rmdir(/var/www/html/gsmcomponentes/system/storage/modification/system): Directory not empty in /var/www/html/gsmcomponentes/admin/controller/marketplace/modification.php on line 487
